<?xml version="1.0" encoding="UTF-8"?>
<testng-results skipped="0" failed="0" total="2" passed="2">
  <reporter-output>
  </reporter-output>
  <suite name="Default suite" duration-ms="69169" started-at="2018-06-10T22:08:36Z" finished-at="2018-06-10T22:09:45Z">
    <groups>
    </groups>
    <test name="Default test" duration-ms="69169" started-at="2018-06-10T22:08:36Z" finished-at="2018-06-10T22:09:45Z">
      <class name="com.tests.ShoppingCartTests">
        <test-method status="PASS" signature="setUp()[pri:0, instance:com.tests.ShoppingCartTests@4dfa3a9d]" name="setUp" is-config="true" duration-ms="3754" started-at="2018-06-10T18:08:32Z" finished-at="2018-06-10T18:08:36Z">
          <reporter-output>
          </reporter-output>
        </test-method> <!-- setUp -->
        <test-method status="PASS" signature="createOrder_forMultipleItems_createdSuccessfully(org.openqa.selenium.WebDriver, common.TestProperties)[pri:0, instance:com.tests.ShoppingCartTests@4dfa3a9d]" name="createOrder_forMultipleItems_createdSuccessfully" duration-ms="37364" started-at="2018-06-10T18:08:36Z" data-provider="test-data" finished-at="2018-06-10T18:09:13Z">
          <params>
            <param index="0">
              <value>
                <![CDATA[ChromeDriver: chrome on XP (null)]]>
              </value>
            </param>
            <param index="1">
              <value>
                <![CDATA[common.TestProperties@7283d3eb]]>
              </value>
            </param>
          </params>
          <reporter-output>
          </reporter-output>
        </test-method> <!-- createOrder_forMultipleItems_createdSuccessfully -->
        <test-method status="PASS" signature="createOrder_forOneMagicMouse_createdSuccessfully(org.openqa.selenium.WebDriver, common.TestProperties)[pri:0, instance:com.tests.ShoppingCartTests@4dfa3a9d]" name="createOrder_forOneMagicMouse_createdSuccessfully" duration-ms="31071" started-at="2018-06-10T18:09:13Z" data-provider="test-data" finished-at="2018-06-10T18:09:44Z">
          <params>
            <param index="0">
              <value>
                <![CDATA[ChromeDriver: chrome on XP (null)]]>
              </value>
            </param>
            <param index="1">
              <value>
                <![CDATA[common.TestProperties@7f426ddd]]>
              </value>
            </param>
          </params>
          <reporter-output>
          </reporter-output>
        </test-method> <!-- createOrder_forOneMagicMouse_createdSuccessfully -->
        <test-method status="PASS" signature="tearDown()[pri:0, instance:com.tests.ShoppingCartTests@4dfa3a9d]" name="tearDown" is-config="true" duration-ms="712" started-at="2018-06-10T18:09:44Z" finished-at="2018-06-10T18:09:45Z">
          <reporter-output>
          </reporter-output>
        </test-method> <!-- tearDown -->
      </class> <!-- com.tests.ShoppingCartTests -->
    </test> <!-- Default test -->
  </suite> <!-- Default suite -->
</testng-results>
